<?xml version="1.0" encoding="UTF-8"?>
<!-- Generated by org.testng.reporters.JUnitXMLReporter -->
<testsuite ignored="0" hostname="INM01607" failures="0" tests="3" name="Default test" time="8.654" errors="0" timestamp="2024-07-29T12:09:07 IST">
  <testcase classname="api.test.UserTests" name="Getbookslist" time="3.829"/>
  <testcase classname="api.test.UserTests" name="Getstatus" time="1.618"/>
  <testcase classname="api.test.UserTests" name="Responsevalidation" time="3.151"/>
</testsuite> <!-- Default test -->
