<?xml version="1.0" encoding="UTF-8"?>
<testng-results ignored="0" total="3" passed="3" failed="0" skipped="0">
  <reporter-output>
  </reporter-output>
  <suite started-at="2024-07-29T12:08:58 IST" name="Default suite" finished-at="2024-07-29T12:09:07 IST" duration-ms="8654">
    <groups>
    </groups>
    <test started-at="2024-07-29T12:08:58 IST" name="Default test" finished-at="2024-07-29T12:09:07 IST" duration-ms="8654">
      <class name="api.test.UserTests">
        <test-method signature="Getbookslist()[pri:0, instance:api.test.UserTests@333291e3]" started-at="2024-07-29T12:08:58 IST" name="Getbookslist" finished-at="2024-07-29T12:09:02 IST" duration-ms="3829" status="PASS">
          <reporter-output>
          </reporter-output>
        </test-method> <!-- Getbookslist -->
        <test-method signature="Getstatus()[pri:0, instance:api.test.UserTests@333291e3]" started-at="2024-07-29T12:09:02 IST" name="Getstatus" finished-at="2024-07-29T12:09:04 IST" duration-ms="1618" status="PASS">
          <reporter-output>
          </reporter-output>
        </test-method> <!-- Getstatus -->
        <test-method signature="Responsevalidation()[pri:0, instance:api.test.UserTests@333291e3]" started-at="2024-07-29T12:09:04 IST" name="Responsevalidation" finished-at="2024-07-29T12:09:07 IST" duration-ms="3151" status="PASS">
          <reporter-output>
          </reporter-output>
        </test-method> <!-- Responsevalidation -->
      </class> <!-- api.test.UserTests -->
    </test> <!-- Default test -->
  </suite> <!-- Default suite -->
</testng-results>
